<?xml version="1.0" encoding="UTF-8"?>
<!-- Generated by org.testng.reporters.JUnitReportReporter -->
<testsuite skipped="0" hostname="Ankit" name="com.technocredits.orangeHRMS.testscripts.Login_Test" tests="1" failures="0" timestamp="30 Jun 2021 13:01:37 GMT" time="4.375" errors="0">
  <testcase name="verifyUserlogin" time="4.375" classname="com.technocredits.orangeHRMS.testscripts.Login_Test"/>
</testsuite> <!-- com.technocredits.orangeHRMS.testscripts.Login_Test -->
